<?xml version='1.0' encoding='UTF-8'?>
<dataset>
    <form form_id="2" uuid="4db74ede-26fe-102b-80cb-0017a47871b2" name="form2" version="1" build="0" published="1" creator="1" date_created="2006-04-16 09:15:13.0" changed_by="1" date_changed="2020-04-16 09:15:22.0" retired="false"/>
</dataset>
